<?xml version="1.0" encoding="UTF-8"?>
<!-- Generated by org.testng.reporters.JUnitReportReporter -->
<testsuite hostname="RAM-PC" name="testcases.ExecuteTest" tests="1" failures="0" timestamp="10 Apr 2016 17:38:22 GMT" time="15.741" errors="0">
  <testcase name="testEasy" time="15.741" classname="testcases.ExecuteTest"/>
</testsuite> <!-- testcases.ExecuteTest -->
